<?xml version="1.0" encoding="UTF-8"?>
<testsuite xmlns:xsi="http://www.w3.org/2001/XMLSchema-instance" xsi:noNamespaceSchemaLocation="https://maven.apache.org/surefire/maven-surefire-plugin/xsd/surefire-test-report-3.0.xsd" version="3.0" name="LibraryTest" time="0.186" tests="25" errors="0" skipped="0" failures="0">
  <properties>
    <property name="java.specification.version" value="23"/>
    <property name="sun.cpu.isalist" value="amd64"/>
    <property name="sun.jnu.encoding" value="Cp1252"/>
    <property name="java.class.path" value="C:\Users\cesar\Tec\Sistemas de software\Java\UnitTesting\LibraryManagementUnitTesting\target\test-classes;C:\Users\cesar\Tec\Sistemas de software\Java\UnitTesting\LibraryManagementUnitTesting\target\classes;C:\Users\cesar\.m2\repository\org\junit\jupiter\junit-jupiter-api\5.10.0\junit-jupiter-api-5.10.0.jar;C:\Users\cesar\.m2\repository\org\opentest4j\opentest4j\1.3.0\opentest4j-1.3.0.jar;C:\Users\cesar\.m2\repository\org\junit\platform\junit-platform-commons\1.10.0\junit-platform-commons-1.10.0.jar;C:\Users\cesar\.m2\repository\org\apiguardian\apiguardian-api\1.1.2\apiguardian-api-1.1.2.jar;C:\Users\cesar\.m2\repository\org\junit\jupiter\junit-jupiter-engine\5.10.0\junit-jupiter-engine-5.10.0.jar;C:\Users\cesar\.m2\repository\org\junit\platform\junit-platform-engine\1.10.0\junit-platform-engine-1.10.0.jar;C:\Users\cesar\.m2\repository\junit\junit\4.13.2\junit-4.13.2.jar;C:\Users\cesar\.m2\repository\org\hamcrest\hamcrest-core\1.3\hamcrest-core-1.3.jar;C:\Users\cesar\.m2\repository\org\junit\jupiter\junit-jupiter\5.10.0\junit-jupiter-5.10.0.jar;C:\Users\cesar\.m2\repository\org\junit\jupiter\junit-jupiter-params\5.10.0\junit-jupiter-params-5.10.0.jar;"/>
    <property name="java.vm.vendor" value="Oracle Corporation"/>
    <property name="sun.arch.data.model" value="64"/>
    <property name="user.variant" value=""/>
    <property name="java.vendor.url" value="https://java.oracle.com/"/>
    <property name="user.timezone" value="America/Mexico_City"/>
    <property name="os.name" value="Windows 11"/>
    <property name="java.vm.specification.version" value="23"/>
    <property name="sun.java.launcher" value="SUN_STANDARD"/>
    <property name="user.country" value="US"/>
    <property name="sun.boot.library.path" value="C:\Program Files\Java\jdk-23\bin"/>
    <property name="sun.java.command" value="C:\Users\cesar\AppData\Local\Temp\surefire5228094365834141102\surefirebooter-20250408233404950_3.jar C:\Users\cesar\AppData\Local\Temp\surefire5228094365834141102 2025-04-08T23-34-04_738-jvmRun1 surefire-20250408233404950_1tmp surefire_0-20250408233404950_2tmp"/>
    <property name="jdk.debug" value="release"/>
    <property name="test" value="LibraryTest"/>
    <property name="surefire.test.class.path" value="C:\Users\cesar\Tec\Sistemas de software\Java\UnitTesting\LibraryManagementUnitTesting\target\test-classes;C:\Users\cesar\Tec\Sistemas de software\Java\UnitTesting\LibraryManagementUnitTesting\target\classes;C:\Users\cesar\.m2\repository\org\junit\jupiter\junit-jupiter-api\5.10.0\junit-jupiter-api-5.10.0.jar;C:\Users\cesar\.m2\repository\org\opentest4j\opentest4j\1.3.0\opentest4j-1.3.0.jar;C:\Users\cesar\.m2\repository\org\junit\platform\junit-platform-commons\1.10.0\junit-platform-commons-1.10.0.jar;C:\Users\cesar\.m2\repository\org\apiguardian\apiguardian-api\1.1.2\apiguardian-api-1.1.2.jar;C:\Users\cesar\.m2\repository\org\junit\jupiter\junit-jupiter-engine\5.10.0\junit-jupiter-engine-5.10.0.jar;C:\Users\cesar\.m2\repository\org\junit\platform\junit-platform-engine\1.10.0\junit-platform-engine-1.10.0.jar;C:\Users\cesar\.m2\repository\junit\junit\4.13.2\junit-4.13.2.jar;C:\Users\cesar\.m2\repository\org\hamcrest\hamcrest-core\1.3\hamcrest-core-1.3.jar;C:\Users\cesar\.m2\repository\org\junit\jupiter\junit-jupiter\5.10.0\junit-jupiter-5.10.0.jar;C:\Users\cesar\.m2\repository\org\junit\jupiter\junit-jupiter-params\5.10.0\junit-jupiter-params-5.10.0.jar;"/>
    <property name="sun.cpu.endian" value="little"/>
    <property name="user.home" value="C:\Users\cesar"/>
    <property name="user.language" value="en"/>
    <property name="java.specification.vendor" value="Oracle Corporation"/>
    <property name="java.version.date" value="2025-01-21"/>
    <property name="java.home" value="C:\Program Files\Java\jdk-23"/>
    <property name="file.separator" value="\"/>
    <property name="basedir" value="C:\Users\cesar\Tec\Sistemas de software\Java\UnitTesting\LibraryManagementUnitTesting"/>
    <property name="java.vm.compressedOopsMode" value="Zero based"/>
    <property name="line.separator" value="&#10;"/>
    <property name="java.vm.specification.vendor" value="Oracle Corporation"/>
    <property name="java.specification.name" value="Java Platform API Specification"/>
    <property name="surefire.real.class.path" value="C:\Users\cesar\AppData\Local\Temp\surefire5228094365834141102\surefirebooter-20250408233404950_3.jar"/>
    <property name="user.script" value=""/>
    <property name="sun.management.compiler" value="HotSpot 64-Bit Tiered Compilers"/>
    <property name="java.runtime.version" value="23.0.2+7-58"/>
    <property name="user.name" value="cesar"/>
    <property name="stdout.encoding" value="Cp1252"/>
    <property name="path.separator" value=";"/>
    <property name="os.version" value="10.0"/>
    <property name="java.runtime.name" value="Java(TM) SE Runtime Environment"/>
    <property name="file.encoding" value="UTF-8"/>
    <property name="java.vm.name" value="Java HotSpot(TM) 64-Bit Server VM"/>
    <property name="localRepository" value="C:\Users\cesar\.m2\repository"/>
    <property name="java.vendor.url.bug" value="https://bugreport.java.com/bugreport/"/>
    <property name="java.io.tmpdir" value="C:\Users\cesar\AppData\Local\Temp\"/>
    <property name="java.version" value="23.0.2"/>
    <property name="user.dir" value="C:\Users\cesar\Tec\Sistemas de software\Java\UnitTesting\LibraryManagementUnitTesting"/>
    <property name="os.arch" value="amd64"/>
    <property name="java.vm.specification.name" value="Java Virtual Machine Specification"/>
    <property name="sun.os.patch.level" value=""/>
    <property name="native.encoding" value="Cp1252"/>
    <property name="java.library.path" value="C:\Program Files\Java\jdk-23\bin;C:\WINDOWS\Sun\Java\bin;C:\WINDOWS\system32;C:\WINDOWS;C:\Program Files\Common Files\Oracle\Java\javapath;C:\Program Files\Eclipse Adoptium\jdk-21.0.4.7-hotspot\bin;C:\Program Files (x86)\Common Files\Oracle\Java\java8path;C:\Program Files (x86)\Common Files\Oracle\Java\javapath;C:\Windows\system32;C:\Windows;C:\Windows\System32\Wbem;C:\Windows\System32\WindowsPowerShell\v1.0\;C:\Windows\System32\OpenSSH\;C:\Program Files (x86)\NVIDIA Corporation\PhysX\Common;C:\Program Files\NVIDIA Corporation\NVIDIA NvDLISR;C:\WINDOWS\system32;C:\WINDOWS;C:\WINDOWS\System32\Wbem;C:\WINDOWS\System32\WindowsPowerShell\v1.0\;C:\WINDOWS\System32\OpenSSH\;C:\Program Files\Git\cmd;C:\Program Files\dotnet\;C:\ProgramData\chocolatey\bin;C:\ProgramData\nvm;C:\Program Files\nodejs;C:\Program Files (x86)\Windows Kits\10\Windows Performance Toolkit\;C:\Users\cesar\AppData\Local\Microsoft\WindowsApps;C:\Users\cesar\AppData\Local\Programs\Microsoft VS Code\bin;C:\ProgramData\nvm;C:\Program Files\nodejs;C:\Users\cesar\Tec\Installs\apache-maven-3.9.9-bin\apache-maven-3.9.9\bin;;c:\Users\cesar\AppData\Roaming\Code\User\globalStorage\github.copilot-chat\debugCommand;."/>
    <property name="java.vm.info" value="mixed mode, sharing"/>
    <property name="stderr.encoding" value="Cp1252"/>
    <property name="java.vendor" value="Oracle Corporation"/>
    <property name="java.vm.version" value="23.0.2+7-58"/>
    <property name="sun.io.unicode.encoding" value="UnicodeLittle"/>
    <property name="java.class.version" value="67.0"/>
  </properties>
  <testcase name="testCheckOutBookUnavailable" classname="LibraryTest" time="0.085"/>
  <testcase name="testPatronCheckOutBook" classname="LibraryTest" time="0"/>
  <testcase name="testAddBook" classname="LibraryTest" time="0"/>
  <testcase name="testListPatrons" classname="LibraryTest" time="0.007"/>
  <testcase name="testPatronCreation" classname="LibraryTest" time="0"/>
  <testcase name="testCheckOutBookSuccess" classname="LibraryTest" time="0.002"/>
  <testcase name="testSetDueDateWhenNotCheckedOut" classname="LibraryTest" time="0.003"/>
  <testcase name="testReturnBookSuccess" classname="LibraryTest" time="0"/>
  <testcase name="testNonexistentBookCheckout" classname="LibraryTest" time="0"/>
  <testcase name="testListAvailableBooks" classname="LibraryTest" time="0"/>
  <testcase name="testHasCheckedOutBook" classname="LibraryTest" time="0"/>
  <testcase name="testBookCheckOut" classname="LibraryTest" time="0.004"/>
  <testcase name="testMultipleCheckoutsAndReturns" classname="LibraryTest" time="0.001"/>
  <testcase name="testLargeLibraryOperations" classname="LibraryTest" time="0"/>
  <testcase name="testBookCreation" classname="LibraryTest" time="0.006"/>
  <testcase name="testRemoveBook" classname="LibraryTest" time="0.004"/>
  <testcase name="testFineCalculation" classname="LibraryTest" time="0.004"/>
  <testcase name="testAddPatron" classname="LibraryTest" time="0"/>
  <testcase name="testPatronReturnBook" classname="LibraryTest" time="0"/>
  <testcase name="testSetDueDateWhenCheckedOut" classname="LibraryTest" time="0"/>
  <testcase name="testListingBooksAndPatrons" classname="LibraryTest" time="0"/>
  <testcase name="testBookReturn" classname="LibraryTest" time="0"/>
  <testcase name="testReturnBookNoBook" classname="LibraryTest" time="0.002"/>
  <testcase name="testAddDuplicateBook" classname="LibraryTest" time="0"/>
  <testcase name="testComplexFineCalculation" classname="LibraryTest" time="0"/>
</testsuite>